<?xml version="1.0" encoding="utf-8"?><testsuites name="pytest tests"><testsuite name="pytest" errors="0" failures="3" skipped="0" tests="27" time="11.324" timestamp="2026-09-02T06:55:58.502211+00:00" hostname="agent-env-94c9b30f-7fa0-4922-b0d4-df0395a5faca"><testcase classname="backend.tests.test_stage9_5.TestOccupancyForecast" name="test_staff_forbidden" time="1.863" /><testcase classname="backend.tests.test_stage9_5.TestOccupancyForecast" name="test_refresh_all" time="1.274" /><testcase classname="backend.tests.test_stage9_5.TestOccupancyForecast" name="test_refresh_single_property" time="0.261" /><testcase classname="backend.tests.test_stage9_5.TestOccupancyForecast" name="test_get_shape" time="0.442" /><testcase classname="backend.tests.test_stage9_5.TestOccupancyForecast" name="test_bucket_mapping" time="0.143" /><testcase classname="backend.tests.test_stage9_5.TestOccupancyForecast" name="test_reservation_reflected_in_forecast" time="0.113" /><testcase classname="backend.tests.test_stage9_5.TestRateCorrelation" name="test_staff_forbidden" time="0.129" /><testcase classname="backend.tests.test_stage9_5.TestRateCorrelation" name="test_refresh" time="0.168" /><testcase classname="backend.tests.test_stage9_5.TestRateCorrelation" name="test_get_correlation_shape" time="0.098" /><testcase classname="backend.tests.test_stage9_5.TestRateCorrelation" name="test_elasticity_summary" time="0.173" /><testcase classname="backend.tests.test_stage9_5.TestRateRecommendations" name="test_staff_forbidden" time="0.211" /><testcase classname="backend.tests.test_stage9_5.TestRateRecommendations" name="test_refresh_chain" time="0.303" /><testcase classname="backend.tests.test_stage9_5.TestRateRecommendations" name="test_get_shape" time="0.293" /><testcase classname="backend.tests.test_stage9_5.TestRateRecommendations" name="test_decision_tree" time="0.299"><failure message="AssertionError: assert ('MAINTAIN_RATE' == 'MAINTAIN_RATE'&#10;  &#10;    MAINTAIN_RATE and 'none' == 'info'&#10;  &#10;  - info&#10;  + none)">backend/tests/test_stage9_5.py:261: in test_decision_tree
    assert rec == "MAINTAIN_RATE" and sev == "info"
E   AssertionError: assert ('MAINTAIN_RATE' == 'MAINTAIN_RATE'
E     
E       MAINTAIN_RATE and 'none' == 'info'
E     
E     - info
E     + none)</failure></testcase><testcase classname="backend.tests.test_stage9_5.TestRateRecommendations" name="test_include_dismissed_flag" time="0.892" /><testcase classname="backend.tests.test_stage9_5.TestRateRecommendations" name="test_apply_requires_base_rate" time="0.347"><failure message="assert 'base rate' in '{&quot;detail&quot;:&quot;no suggested rate to apply&quot;}'&#10; +  where '{&quot;detail&quot;:&quot;no suggested rate to apply&quot;}' = &lt;built-in method lower of str object at 0xfe59c9d14330&gt;()&#10; +    where &lt;built-in method lower of str object at 0xfe59c9d14330&gt; = '{&quot;detail&quot;:&quot;No suggested rate to apply&quot;}'.lower&#10; +      where '{&quot;detail&quot;:&quot;No suggested rate to apply&quot;}' = &lt;Response [400]&gt;.text">backend/tests/test_stage9_5.py:301: in test_apply_requires_base_rate
    assert "base rate" in r.text.lower()
E   assert 'base rate' in '{"detail":"no suggested rate to apply"}'
E    +  where '{"detail":"no suggested rate to apply"}' = &lt;built-in method lower of str object at 0xfe59c9d14330&gt;()
E    +    where &lt;built-in method lower of str object at 0xfe59c9d14330&gt; = '{"detail":"No suggested rate to apply"}'.lower
E    +      where '{"detail":"No suggested rate to apply"}' = &lt;Response [400]&gt;.text</failure></testcase><testcase classname="backend.tests.test_stage9_5.TestRateRecommendations" name="test_apply_success" time="0.683" /><testcase classname="backend.tests.test_stage9_5.TestNotificationsDedup" name="test_refresh_dedups_per_property" time="0.446"><failure message="AssertionError: dedup key not enforced&#10;assert 15 == 0">backend/tests/test_stage9_5.py:343: in test_refresh_dedups_per_property
    assert r2.json()["alerts_emitted"] == 0, "dedup key not enforced"
E   AssertionError: dedup key not enforced
E   assert 15 == 0</failure></testcase><testcase classname="backend.tests.test_stage9_5.TestWebhookRefresh" name="test_new_reservation_updates_forecast" time="1.864" /><testcase classname="backend.tests.test_stage9_5.TestRBAC" name="test_staff_forbidden[/pricing/occupancy-forecast]" time="0.132" /><testcase classname="backend.tests.test_stage9_5.TestRBAC" name="test_staff_forbidden[/pricing/rate-correlation]" time="0.127" /><testcase classname="backend.tests.test_stage9_5.TestRBAC" name="test_staff_forbidden[/pricing/elasticity-summary]" time="0.143" /><testcase classname="backend.tests.test_stage9_5.TestRBAC" name="test_staff_forbidden[/pricing/recommendations]" time="0.126" /><testcase classname="backend.tests.test_stage9_5.TestRBAC" name="test_manager_allowed[/pricing/occupancy-forecast]" time="0.168" /><testcase classname="backend.tests.test_stage9_5.TestRBAC" name="test_manager_allowed[/pricing/rate-correlation]" time="0.185" /><testcase classname="backend.tests.test_stage9_5.TestRBAC" name="test_manager_allowed[/pricing/elasticity-summary]" time="0.166" /><testcase classname="backend.tests.test_stage9_5.TestRBAC" name="test_manager_allowed[/pricing/recommendations]" time="0.137" /></testsuite></testsuites>