<?xml version="1.0" encoding="utf-8"?><testsuites name="pytest tests"><testsuite name="pytest" errors="0" failures="1" skipped="0" tests="50" time="10.686" timestamp="2026-07-11T05:50:21.879148+00:00" hostname="agent-env-94c9b30f-7fa0-4922-b0d4-df0395a5faca"><testcase classname="backend.tests.test_stage7_staff_calendar.TestAuth" name="test_admin_login" time="0.536" /><testcase classname="backend.tests.test_stage7_staff_calendar.TestAuth" name="test_auth_me_admin" time="0.478" /><testcase classname="backend.tests.test_stage7_staff_calendar.TestAnnouncements" name="test_list_authenticated" time="0.134" /><testcase classname="backend.tests.test_stage7_staff_calendar.TestAnnouncements" name="test_create_normal_and_urgent_as_manager" time="0.994" /><testcase classname="backend.tests.test_stage7_staff_calendar.TestAnnouncements" name="test_urgent_sorted_first" time="0.119" /><testcase classname="backend.tests.test_stage7_staff_calendar.TestAnnouncements" name="test_dismiss_adds_current_user" time="0.922" /><testcase classname="backend.tests.test_stage7_staff_calendar.TestAnnouncements" name="test_staff_cannot_create" time="0.107" /><testcase classname="backend.tests.test_stage7_staff_calendar.TestAnnouncements" name="test_staff_cannot_delete" time="0.108" /><testcase classname="backend.tests.test_stage7_staff_calendar.TestAnnouncements" name="test_manager_can_delete" time="0.209" /><testcase classname="backend.tests.test_stage7_staff_calendar.TestAnnouncements" name="test_delete_missing_returns_404" time="0.133" /><testcase classname="backend.tests.test_stage7_staff_calendar.TestShifts" name="test_create_shift_as_manager" time="0.119" /><testcase classname="backend.tests.test_stage7_staff_calendar.TestShifts" name="test_list_shifts_in_range" time="0.107" /><testcase classname="backend.tests.test_stage7_staff_calendar.TestShifts" name="test_update_shift" time="0.140" /><testcase classname="backend.tests.test_stage7_staff_calendar.TestShifts" name="test_staff_can_only_see_own_shifts" time="0.767" /><testcase classname="backend.tests.test_stage7_staff_calendar.TestShifts" name="test_staff_cannot_create_shift" time="0.141" /><testcase classname="backend.tests.test_stage7_staff_calendar.TestShifts" name="test_delete_shift" time="0.119" /><testcase classname="backend.tests.test_stage7_staff_calendar.TestTimeOff" name="test_staff_creates_own_timeoff" time="0.111" /><testcase classname="backend.tests.test_stage7_staff_calendar.TestTimeOff" name="test_staff_cannot_submit_for_other" time="0.101" /><testcase classname="backend.tests.test_stage7_staff_calendar.TestTimeOff" name="test_manager_approves" time="0.120" /><testcase classname="backend.tests.test_stage7_staff_calendar.TestTimeOff" name="test_decline_requires_reason" time="0.203" /><testcase classname="backend.tests.test_stage7_staff_calendar.TestTimeOff" name="test_staff_cannot_approve" time="0.173" /><testcase classname="backend.tests.test_stage7_staff_calendar.TestTimeOff" name="test_cleanup_timeoff" time="0.227" /><testcase classname="backend.tests.test_stage7_staff_calendar.TestHours" name="test_create_draft_as_staff" time="0.110" /><testcase classname="backend.tests.test_stage7_staff_calendar.TestHours" name="test_submit_moves_to_submitted" time="0.106" /><testcase classname="backend.tests.test_stage7_staff_calendar.TestHours" name="test_approve_as_manager" time="0.098" /><testcase classname="backend.tests.test_stage7_staff_calendar.TestHours" name="test_reject_requires_reason" time="0.319" /><testcase classname="backend.tests.test_stage7_staff_calendar.TestHours" name="test_staff_cannot_approve" time="0.102" /><testcase classname="backend.tests.test_stage7_staff_calendar.TestHours" name="test_summary_manager_only" time="0.208" /><testcase classname="backend.tests.test_stage7_staff_calendar.TestHours" name="test_export_csv" time="0.107" /><testcase classname="backend.tests.test_stage7_staff_calendar.TestHours" name="test_cleanup" time="0.251" /><testcase classname="backend.tests.test_stage7_staff_calendar.TestICal" name="test_ical_info_admin" time="0.099" /><testcase classname="backend.tests.test_stage7_staff_calendar.TestICal" name="test_individual_ical_feed" time="0.283" /><testcase classname="backend.tests.test_stage7_staff_calendar.TestICal" name="test_ical_bad_token_403" time="0.104" /><testcase classname="backend.tests.test_stage7_staff_calendar.TestICal" name="test_team_ical" time="0.134"><failure message="assert 404 == 200&#10; +  where 404 = &lt;Response [404]&gt;.status_code">backend/tests/test_stage7_staff_calendar.py:465: in test_team_ical
    assert info.status_code == 200
E   assert 404 == 200
E    +  where 404 = &lt;Response [404]&gt;.status_code</failure></testcase><testcase classname="backend.tests.test_stage7_staff_calendar.TestICal" name="test_rotate_token_admin_only" time="0.765" /><testcase classname="backend.tests.test_stage7_staff_calendar.TestStaffProfile" name="test_profile_returns_shape" time="0.128" /><testcase classname="backend.tests.test_stage7_staff_calendar.TestStaffProfile" name="test_staff_can_view_own_profile" time="0.102" /><testcase classname="backend.tests.test_stage7_staff_calendar.TestStaffProfile" name="test_staff_cannot_view_others" time="0.104" /><testcase classname="backend.tests.test_stage7_staff_calendar.TestRegression" name="test_admin_endpoints_200[/auth/me]" time="0.105" /><testcase classname="backend.tests.test_stage7_staff_calendar.TestRegression" name="test_admin_endpoints_200[/reservations]" time="0.194" /><testcase classname="backend.tests.test_stage7_staff_calendar.TestRegression" name="test_admin_endpoints_200[/analytics/summary]" time="0.127" /><testcase classname="backend.tests.test_stage7_staff_calendar.TestRegression" name="test_admin_endpoints_200[/tasks]" time="0.108" /><testcase classname="backend.tests.test_stage7_staff_calendar.TestRegression" name="test_admin_endpoints_200[/inventory]" time="0.142" /><testcase classname="backend.tests.test_stage7_staff_calendar.TestRegression" name="test_admin_endpoints_200[/schedules]" time="0.120" /><testcase classname="backend.tests.test_stage7_staff_calendar.TestRegression" name="test_admin_endpoints_200[/reviews]" time="0.103" /><testcase classname="backend.tests.test_stage7_staff_calendar.TestRegression" name="test_admin_endpoints_200[/campaigns]" time="0.131" /><testcase classname="backend.tests.test_stage7_staff_calendar.TestRegression" name="test_admin_endpoints_200[/properties]" time="0.108" /><testcase classname="backend.tests.test_stage7_staff_calendar.TestRegression" name="test_admin_endpoints_200[/users/assignable]" time="0.094" /><testcase classname="backend.tests.test_stage7_staff_calendar.TestRegression" name="test_staff_cannot_post_reservations" time="0.092" /><testcase classname="backend.tests.test_stage7_staff_calendar.TestRegression" name="test_staff_cannot_view_reservations" time="0.094" /></testsuite></testsuites>