<?xml version="1.0" encoding="utf-8"?><testsuites name="pytest tests"><testsuite name="pytest" errors="0" failures="0" skipped="0" tests="16" time="9.645" timestamp="2026-06-12T03:23:37.017467+00:00" hostname="agent-env-94c9b30f-7fa0-4922-b0d4-df0395a5faca"><testcase classname="backend.tests.test_stage6b_tasks" name="test_meta_requires_auth" time="0.124" /><testcase classname="backend.tests.test_stage6b_tasks" name="test_meta_admin" time="0.419" /><testcase classname="backend.tests.test_stage6b_tasks" name="test_stats_admin" time="0.096" /><testcase classname="backend.tests.test_stage6b_tasks" name="test_list_returns_created" time="0.303" /><testcase classname="backend.tests.test_stage6b_tasks" name="test_list_filters_independent" time="0.516" /><testcase classname="backend.tests.test_stage6b_tasks" name="test_update_status_done" time="0.196" /><testcase classname="backend.tests.test_stage6b_tasks" name="test_checklist_lifecycle" time="0.420" /><testcase classname="backend.tests.test_stage6b_tasks" name="test_comment_add" time="0.124" /><testcase classname="backend.tests.test_stage6b_tasks" name="test_photo_add_ok" time="0.205" /><testcase classname="backend.tests.test_stage6b_tasks" name="test_photo_reject_non_image" time="0.107" /><testcase classname="backend.tests.test_stage6b_tasks" name="test_photo_reject_oversized" time="0.222" /><testcase classname="backend.tests.test_stage6b_tasks" name="test_photo_cap_12" time="3.201" /><testcase classname="backend.tests.test_stage6b_tasks" name="test_manager_can_create_update_delete" time="1.620" /><testcase classname="backend.tests.test_stage6b_tasks" name="test_staff_rbac" time="0.916" /><testcase classname="backend.tests.test_stage6b_tasks" name="test_properties_extended_fields_roundtrip" time="0.481" /><testcase classname="backend.tests.test_stage6b_tasks" name="test_assignable_open_to_all" time="0.626" /></testsuite></testsuites>