<?xml version="1.0" encoding="utf-8"?><testsuites name="pytest tests"><testsuite name="pytest" errors="0" failures="0" skipped="0" tests="17" time="7.434" timestamp="2026-06-12T03:50:53.495518+00:00" hostname="agent-env-94c9b30f-7fa0-4922-b0d4-df0395a5faca"><testcase classname="backend.tests.test_stage6c_schedules.TestMeta" name="test_meta_requires_auth" time="0.440" /><testcase classname="backend.tests.test_stage6c_schedules.TestMeta" name="test_meta_payload" time="0.096" /><testcase classname="backend.tests.test_stage6c_schedules.TestList" name="test_list_default" time="0.210" /><testcase classname="backend.tests.test_stage6c_schedules.TestList" name="test_filter_kind_compliance" time="0.101" /><testcase classname="backend.tests.test_stage6c_schedules.TestList" name="test_filter_kind_housekeeping" time="0.100" /><testcase classname="backend.tests.test_stage6c_schedules.TestList" name="test_filter_property" time="0.099" /><testcase classname="backend.tests.test_stage6c_schedules.TestList" name="test_filter_status" time="0.294" /><testcase classname="backend.tests.test_stage6c_schedules.TestCRUD" name="test_create_update_delete" time="0.495" /><testcase classname="backend.tests.test_stage6c_schedules.TestCRUD" name="test_mark_done" time="0.194" /><testcase classname="backend.tests.test_stage6c_schedules.TestCRUD" name="test_seed_defaults" time="0.095" /><testcase classname="backend.tests.test_stage6c_schedules.TestAutoTask" name="test_auto_create_then_bump" time="0.618" /><testcase classname="backend.tests.test_stage6c_schedules.TestAutoTask" name="test_bump_fallback_no_schedule_item_id" time="0.382" /><testcase classname="backend.tests.test_stage6c_schedules.TestAutoTask" name="test_delete_task_clears_linked" time="0.611" /><testcase classname="backend.tests.test_stage6c_schedules.TestRBAC" name="test_manager_full_crud" time="1.072" /><testcase classname="backend.tests.test_stage6c_schedules.TestRBAC" name="test_staff_get_filtered" time="0.746" /><testcase classname="backend.tests.test_stage6c_schedules.TestRBAC" name="test_staff_forbidden_writes" time="0.499" /><testcase classname="backend.tests.test_stage6c_schedules.TestRBAC" name="test_staff_get_does_not_autosync" time="1.306" /></testsuite></testsuites>